<?xml version="1.0" encoding="UTF-8"?>
<!-- Generated by org.testng.reporters.JUnitReportReporter -->
<testsuite hostname="Sanjay-PC" name="com.koovs.testngscripts.HomePageTestScenerio1" tests="1" failures="0" timestamp="16 Nov 2015 13:16:44 GMT" time="36.462" errors="0">
  <testcase name="Scenerio1" time="36.462" classname="com.koovs.testngscripts.HomePageTestScenerio1"/>
</testsuite> <!-- com.koovs.testngscripts.HomePageTestScenerio1 -->
