<?xml version="1.0" encoding="UTF-8"?>
<!-- Generated by org.testng.reporters.JUnitReportReporter -->
<testsuite hostname="Automation-PC" name="com.koovs.testngscripts.MenWomenEditorialPages" tests="1" failures="0" timestamp="28 Mar 2016 15:15:01 GMT" time="65.428" errors="0">
  <testcase name="MenWomenEditorialPage" time="65.428" classname="com.koovs.testngscripts.MenWomenEditorialPages"/>
</testsuite> <!-- com.koovs.testngscripts.MenWomenEditorialPages -->
