<?xml version="1.0" encoding="UTF-8"?>
<!-- Generated by org.testng.reporters.JUnitReportReporter -->
<testsuite hostname="Automation-PC" name="com.koovs.testngscripts.MyAccountDetailsCheck" tests="1" failures="0" timestamp="28 Mar 2016 15:15:01 GMT" time="92.724" errors="0">
  <testcase name="myaccountCheck" time="92.724" classname="com.koovs.testngscripts.MyAccountDetailsCheck"/>
</testsuite> <!-- com.koovs.testngscripts.MyAccountDetailsCheck -->
