<?xml version="1.0" encoding="UTF-8"?>
<!-- Generated by org.testng.reporters.JUnitReportReporter -->
<testsuite hostname="Sanjay-PC" name="com.koovs.testngscripts.SceneriosTest" tests="1" failures="0" timestamp="21 Dec 2015 04:24:39 GMT" time="115.083" errors="0">
  <testcase name="checkBoxURL" time="115.083" classname="com.koovs.testngscripts.SceneriosTest"/>
</testsuite> <!-- com.koovs.testngscripts.SceneriosTest -->
