<?xml version="1.0" encoding="UTF-8"?>
<!-- Generated by org.testng.reporters.JUnitReportReporter -->
<testsuite hostname="Sanjay-PC" name="com.koovs.testngscripts.HomePageTestScenerios" tests="6" failures="0" timestamp="15 Jan 2016 10:00:32 GMT" time="6498.526" errors="0">
  <testcase name="Scenerio4" time="91.632" classname="com.koovs.testngscripts.HomePageTestScenerios"/>
  <testcase name="Scenerio6" time="231.287" classname="com.koovs.testngscripts.HomePageTestScenerios"/>
  <testcase name="Scenerio1" time="33.563" classname="com.koovs.testngscripts.HomePageTestScenerios"/>
  <testcase name="scenerio9" time="42.537" classname="com.koovs.testngscripts.HomePageTestScenerios"/>
  <testcase name="Scenerio2" time="87.185" classname="com.koovs.testngscripts.HomePageTestScenerios"/>
  <testcase name="Scenerio3" time="6012.322" classname="com.koovs.testngscripts.HomePageTestScenerios"/>
</testsuite> <!-- com.koovs.testngscripts.HomePageTestScenerios -->
